[0714/014227:ERROR:process_info.cc(608)] range at 0xf0d05dc600000000, size 0x1b5 fully unreadable
[0714/014227:ERROR:process_info.cc(608)] range at 0xf0d05e2600000000, size 0x1b5 fully unreadable
[0714/014227:ERROR:process_info.cc(608)] range at 0x0, size 0x1b5 fully unreadable
[0714/014227:ERROR:process_info.cc(608)] range at 0xa5b85dc400000000, size 0x1de fully unreadable
[0714/014227:ERROR:process_info.cc(608)] range at 0xa5b85e2400000000, size 0x1de fully unreadable
[0714/014227:ERROR:process_info.cc(608)] range at 0x0, size 0x1de fully unreadable
[0714/014227:ERROR:process_info.cc(330)] VirtualQueryEx: Acceso denegado. (0x5)
[0714/014227:ERROR:process_info.cc(547)] ReadMemoryInfo failed
[0714/014227:ERROR:process_reader_win.cc(141)] SuspendThread: Acceso denegado. (0x5)
[0714/014227:ERROR:process_info.cc(608)] range at 0x7ffb28175200, size 0x40 fully unreadable
[0714/014227:ERROR:process_info.cc(608)] range at 0x7ffb28141410, size 0x12 fully unreadable
[0714/014227:ERROR:process_info.cc(608)] range at 0x7ffb28141410, size 0x12 fully unreadable
[0714/014227:ERROR:exception_snapshot_win.cc(57)] thread ID 9364 not found in process
[0714/014227:WARNING:crash_report_exception_handler.cc(60)] ProcessSnapshotWin::InitializeException failed
[0714/014227:ERROR:process_reader_win.cc(141)] SuspendThread: Acceso denegado. (0x5)
[0714/014227:ERROR:process_info.cc(608)] range at 0x7ffb28141410, size 0x12 fully unreadable
[0714/014227:ERROR:process_info.cc(608)] range at 0x33c45dc400000000, size 0x206 fully unreadable
[0714/014227:ERROR:process_info.cc(608)] range at 0x33c45e2400000000, size 0x206 fully unreadable
[0714/014227:ERROR:process_info.cc(608)] range at 0x0, size 0x206 fully unreadable
[0714/014227:ERROR:process_info.cc(608)] range at 0x7ffb281721e0, size 0x28 fully unreadable
[0714/014227:ERROR:process_info.cc(608)] range at 0x7ffb28172d48, size 0x30 fully unreadable
[0714/014227:ERROR:exception_snapshot_win.cc(57)] thread ID 4492 not found in process
[0714/014227:WARNING:crash_report_exception_handler.cc(60)] ProcessSnapshotWin::InitializeException failed
[0714/014227:ERROR:scoped_process_suspend.cc(38)] NtResumeProcess, ntstatus=-1073741558
[0714/014227:ERROR:process_reader_win.cc(141)] SuspendThread: Acceso denegado. (0x5)
[0714/014227:ERROR:exception_snapshot_win.cc(57)] thread ID 8916 not found in process
[0714/014227:WARNING:crash_report_exception_handler.cc(60)] ProcessSnapshotWin::InitializeException failed
[0714/014227:ERROR:scoped_process_suspend.cc(38)] NtResumeProcess, ntstatus=-1073741558
